This is pdfTeX, Version 3.141592653-2.6-1.40.27 (TeX Live 2025) (preloaded format=pdflatex 2025.5.30)  10 JUN 2025 15:24
entering extended mode
 restricted \write18 enabled.
 file:line:error style messages enabled.
 %&-line parsing enabled.
**"/Users/filippo/Library/CloudStorage/OneDrive-PolitecnicodiMilano/Corsi/Selected Topics in Music and Acoustic Engineering/Git/Sound-Event-Classification/Report/Sound_Event_Classifcation.tex"
(/Users/filippo/Library/CloudStorage/OneDrive-PolitecnicodiMilano/Corsi/Selected Topics in Music and Acoustic Engineering/Git/Sound-Event-Classification/Report/Sound_Event_Classifcation.tex
LaTeX2e <2024-11-01> patch level 2
L3 programming layer <2025-01-18>
(/usr/local/texlive/2025/texmf-dist/tex/latex/base/article.cls
Document Class: article 2024/06/29 v1.4n Standard LaTeX document class
(/usr/local/texlive/2025/texmf-dist/tex/latex/base/size10.clo
File: size10.clo 2024/06/29 v1.4n Standard LaTeX file (size option)
)
\c@part=\count196
\c@section=\count197
\c@subsection=\count198
\c@subsubsection=\count199
\c@paragraph=\count266
\c@subparagraph=\count267
\c@figure=\count268
\c@table=\count269
\abovecaptionskip=\skip49
\belowcaptionskip=\skip50
\bibindent=\dimen141
) (./MAECapstoneCourse.sty
\headrulewidth=\dimen142
\footrulewidth=\dimen143
\plainheadrulewidth=\dimen144
\plainfootrulewidth=\dimen145
\headwidth=\dimen146
) (/usr/local/texlive/2025/texmf-dist/tex/latex/amsmath/amsmath.sty
Package: amsmath 2024/11/05 v2.17t AMS math features
\@mathmargin=\skip51

For additional information on amsmath, use the `?' option.
(/usr/local/texlive/2025/texmf-dist/tex/latex/amsmath/amstext.sty
Package: amstext 2021/08/26 v2.01 AMS text
 (/usr/local/texlive/2025/texmf-dist/tex/latex/amsmath/amsgen.sty
File: amsgen.sty 1999/11/30 v2.0 generic functions
\@emptytoks=\toks17
\ex@=\dimen147
)) (/usr/local/texlive/2025/texmf-dist/tex/latex/amsmath/amsbsy.sty
Package: amsbsy 1999/11/29 v1.2d Bold Symbols
\pmbraise@=\dimen148
) (/usr/local/texlive/2025/texmf-dist/tex/latex/amsmath/amsopn.sty
Package: amsopn 2022/04/08 v2.04 operator names
)
\inf@bad=\count270
LaTeX Info: Redefining \frac on input line 233.
\uproot@=\count271
\leftroot@=\count272
LaTeX Info: Redefining \overline on input line 398.
LaTeX Info: Redefining \colon on input line 409.
\classnum@=\count273
\DOTSCASE@=\count274
LaTeX Info: Redefining \ldots on input line 495.
LaTeX Info: Redefining \dots on input line 498.
LaTeX Info: Redefining \cdots on input line 619.
\Mathstrutbox@=\box52
\strutbox@=\box53
LaTeX Info: Redefining \big on input line 721.
LaTeX Info: Redefining \Big on input line 722.
LaTeX Info: Redefining \bigg on input line 723.
LaTeX Info: Redefining \Bigg on input line 724.
\big@size=\dimen149
LaTeX Font Info:    Redeclaring font encoding OML on input line 742.
LaTeX Font Info:    Redeclaring font encoding OMS on input line 743.
\macc@depth=\count275
LaTeX Info: Redefining \bmod on input line 904.
LaTeX Info: Redefining \pmod on input line 909.
LaTeX Info: Redefining \smash on input line 939.
LaTeX Info: Redefining \relbar on input line 969.
LaTeX Info: Redefining \Relbar on input line 970.
\c@MaxMatrixCols=\count276
\dotsspace@=\muskip17
\c@parentequation=\count277
\dspbrk@lvl=\count278
\tag@help=\toks18
\row@=\count279
\column@=\count280
\maxfields@=\count281
\andhelp@=\toks19
\eqnshift@=\dimen150
\alignsep@=\dimen151
\tagshift@=\dimen152
\tagwidth@=\dimen153
\totwidth@=\dimen154
\lineht@=\dimen155
\@envbody=\toks20
\multlinegap=\skip52
\multlinetaggap=\skip53
\mathdisplay@stack=\toks21
LaTeX Info: Redefining \[ on input line 2953.
LaTeX Info: Redefining \] on input line 2954.
) (/usr/local/texlive/2025/texmf-dist/tex/latex/graphics/graphicx.sty
Package: graphicx 2021/09/16 v1.2d Enhanced LaTeX Graphics (DPC,SPQR)
 (/usr/local/texlive/2025/texmf-dist/tex/latex/graphics/keyval.sty
Package: keyval 2022/05/29 v1.15 key=value parser (DPC)
\KV@toks@=\toks22
) (/usr/local/texlive/2025/texmf-dist/tex/latex/graphics/graphics.sty
Package: graphics 2024/08/06 v1.4g Standard LaTeX Graphics (DPC,SPQR)
 (/usr/local/texlive/2025/texmf-dist/tex/latex/graphics/trig.sty
Package: trig 2023/12/02 v1.11 sin cos tan (DPC)
) (/usr/local/texlive/2025/texmf-dist/tex/latex/graphics-cfg/graphics.cfg
File: graphics.cfg 2016/06/04 v1.11 sample graphics configuration
)
Package graphics Info: Driver file: pdftex.def on input line 106.
 (/usr/local/texlive/2025/texmf-dist/tex/latex/graphics-def/pdftex.def
File: pdftex.def 2024/04/13 v1.2c Graphics/color driver for pdftex
))
\Gin@req@height=\dimen156
\Gin@req@width=\dimen157
) (./url.sty
\Urlmuskip=\muskip18
Package: url 2006/04/12  ver 3.3  Verb mode for urls, etc.
) (/usr/local/texlive/2025/texmf-dist/tex/latex/psnfss/times.sty
Package: times 2020/03/25 PSNFSS-v9.3 (SPQR) 
) (/usr/local/texlive/2025/texmf-dist/tex/latex/graphics/color.sty
Package: color 2024/06/23 v1.3e Standard LaTeX Color (DPC)
 (/usr/local/texlive/2025/texmf-dist/tex/latex/graphics-cfg/color.cfg
File: color.cfg 2016/01/02 v1.6 sample color configuration
)
Package color Info: Driver file: pdftex.def on input line 149.
 (/usr/local/texlive/2025/texmf-dist/tex/latex/graphics/mathcolor.ltx)) (/usr/local/texlive/2025/texmf-dist/tex/latex/base/inputenc.sty
Package: inputenc 2024/02/08 v1.3d Input encoding file
\inpenc@prehook=\toks23
\inpenc@posthook=\toks24
)
LaTeX Font Info:    Trying to load font information for OT1+ptm on input line 31.
 (/usr/local/texlive/2025/texmf-dist/tex/latex/psnfss/ot1ptm.fd
File: ot1ptm.fd 2001/06/04 font definitions for OT1/ptm.
) (/usr/local/texlive/2025/texmf-dist/tex/latex/l3backend/l3backend-pdftex.def
File: l3backend-pdftex.def 2024-05-08 L3 backend support: PDF output (pdfTeX)
\l__color_backend_stack_int=\count282
\l__pdf_internal_box=\box54
) (./Sound_Event_Classifcation.aux)
\openout1 = `Sound_Event_Classifcation.aux'.

LaTeX Font Info:    Checking defaults for OML/cmm/m/it on input line 31.
LaTeX Font Info:    ... okay on input line 31.
LaTeX Font Info:    Checking defaults for OMS/cmsy/m/n on input line 31.
LaTeX Font Info:    ... okay on input line 31.
LaTeX Font Info:    Checking defaults for OT1/cmr/m/n on input line 31.
LaTeX Font Info:    ... okay on input line 31.
LaTeX Font Info:    Checking defaults for T1/cmr/m/n on input line 31.
LaTeX Font Info:    ... okay on input line 31.
LaTeX Font Info:    Checking defaults for TS1/cmr/m/n on input line 31.
LaTeX Font Info:    ... okay on input line 31.
LaTeX Font Info:    Checking defaults for OMX/cmex/m/n on input line 31.
LaTeX Font Info:    ... okay on input line 31.
LaTeX Font Info:    Checking defaults for U/cmr/m/n on input line 31.
LaTeX Font Info:    ... okay on input line 31.
 (/usr/local/texlive/2025/texmf-dist/tex/context/base/mkii/supp-pdf.mkii
[Loading MPS to PDF converter (version 2006.09.02).]
\scratchcounter=\count283
\scratchdimen=\dimen158
\scratchbox=\box55
\nofMPsegments=\count284
\nofMParguments=\count285
\everyMPshowfont=\toks25
\MPscratchCnt=\count286
\MPscratchDim=\dimen159
\MPnumerator=\count287
\makeMPintoPDFobject=\count288
\everyMPtoPDFconversion=\toks26
) (/usr/local/texlive/2025/texmf-dist/tex/latex/epstopdf-pkg/epstopdf-base.sty
Package: epstopdf-base 2020-01-24 v2.11 Base part for package epstopdf
 (/usr/local/texlive/2025/texmf-dist/tex/generic/infwarerr/infwarerr.sty
Package: infwarerr 2019/12/03 v1.5 Providing info/warning/error messages (HO)
) (/usr/local/texlive/2025/texmf-dist/tex/latex/grfext/grfext.sty
Package: grfext 2019/12/03 v1.3 Manage graphics extensions (HO)
 (/usr/local/texlive/2025/texmf-dist/tex/generic/kvdefinekeys/kvdefinekeys.sty
Package: kvdefinekeys 2019-12-19 v1.6 Define keys (HO)
)) (/usr/local/texlive/2025/texmf-dist/tex/latex/kvoptions/kvoptions.sty
Package: kvoptions 2022-06-15 v3.15 Key value format for package options (HO)
 (/usr/local/texlive/2025/texmf-dist/tex/generic/ltxcmds/ltxcmds.sty
Package: ltxcmds 2023-12-04 v1.26 LaTeX kernel commands for general use (HO)
) (/usr/local/texlive/2025/texmf-dist/tex/latex/kvsetkeys/kvsetkeys.sty
Package: kvsetkeys 2022-10-05 v1.19 Key value parser (HO)
)) (/usr/local/texlive/2025/texmf-dist/tex/generic/pdftexcmds/pdftexcmds.sty
Package: pdftexcmds 2020-06-27 v0.33 Utility functions of pdfTeX for LuaTeX (HO)
 (/usr/local/texlive/2025/texmf-dist/tex/generic/iftex/iftex.sty
Package: iftex 2024/12/12 v1.0g TeX engine tests
)
Package pdftexcmds Info: \pdf@primitive is available.
Package pdftexcmds Info: \pdf@ifprimitive is available.
Package pdftexcmds Info: \pdfdraftmode found.
)
Package epstopdf-base Info: Redefining graphics rule for `.eps' on input line 485.
Package grfext Info: Graphics extension search list:
(grfext)             [.pdf,.png,.jpg,.mps,.jpeg,.jbig2,.jb2,.PDF,.PNG,.JPG,.JPEG,.JBIG2,.JB2,.eps]
(grfext)             \AppendGraphicsExtensions on input line 504.
 (/usr/local/texlive/2025/texmf-dist/tex/latex/latexconfig/epstopdf-sys.cfg
File: epstopdf-sys.cfg 2010/07/13 v1.3 Configuration of (r)epstopdf for TeX Live
))
LaTeX Font Info:    Trying to load font information for OT1+pcr on input line 34.
 (/usr/local/texlive/2025/texmf-dist/tex/latex/psnfss/ot1pcr.fd
File: ot1pcr.fd 2001/06/04 font definitions for OT1/pcr.
)



[1{/usr/local/texlive/2025/texmf-var/fonts/map/pdftex/updmap/pdftex.map}{/usr/local/texlive/2025/texmf-dist/fonts/enc/dvips/base/8r.enc}



]
Underfull \hbox (badness 10000) in paragraph at lines 132--133
[]$\OT1/pcr/m/n/9 https : / / github . com / ChiaraAuriemma /
 []

<simple_cell.png, id=11, 540.0175pt x 344.28625pt>
File: simple_cell.png Graphic file (type png)
<use simple_cell.png>
Package pdftex.def Info: simple_cell.png  used on input line 146.
(pdftex.def)             Requested size: 241.84842pt x 154.18665pt.
<Entire_architecture.png, id=13, 971.63pt x 832.10875pt>
File: Entire_architecture.png Graphic file (type png)
<use Entire_architecture.png>
Package pdftex.def Info: Entire_architecture.png  used on input line 158.
(pdftex.def)             Requested size: 241.84842pt x 207.11249pt.

Underfull \hbox (badness 1546) in paragraph at lines 151--162
[]\OT1/ptm/m/n/9 After pro-cess-ing through these branches, the out-puts are
 []

LaTeX Font Info:    Trying to load font information for TS1+ptm on input line 166.
(/usr/local/texlive/2025/texmf-dist/tex/latex/psnfss/ts1ptm.fd
File: ts1ptm.fd 2001/06/04 font definitions for TS1/ptm.
)



[2 <./simple_cell.png> <./Entire_architecture.png>]
<balanced_dataset.png, id=20, 946.0143pt x 477.7047pt>
File: balanced_dataset.png Graphic file (type png)
<use balanced_dataset.png>
Package pdftex.def Info: balanced_dataset.png  used on input line 191.
(pdftex.def)             Requested size: 241.84842pt x 122.12286pt.
<Three_types_of_sound.png, id=21, 983.5947pt x 426.393pt>
File: Three_types_of_sound.png Graphic file (type png)
<use Three_types_of_sound.png>
Package pdftex.def Info: Three_types_of_sound.png  used on input line 206.
(pdftex.def)             Requested size: 241.84842pt x 104.8413pt.
<Ambiguous_sounds.png, id=22, 983.5947pt x 426.393pt>
File: Ambiguous_sounds.png Graphic file (type png)
<use Ambiguous_sounds.png>
Package pdftex.def Info: Ambiguous_sounds.png  used on input line 217.
(pdftex.def)             Requested size: 241.84842pt x 104.8413pt.


<dog_barking.png, id=23, 983.5947pt x 426.393pt>
File: dog_barking.png Graphic file (type png)
<use dog_barking.png>
Package pdftex.def Info: dog_barking.png  used on input line 231.
(pdftex.def)             Requested size: 241.84842pt x 104.8413pt.
<Harmonic_Percussive_Wind.png, id=24, 1157.7654pt x 513.8397pt>
File: Harmonic_Percussive_Wind.png Graphic file (type png)
<use Harmonic_Percussive_Wind.png>
Package pdftex.def Info: Harmonic_Percussive_Wind.png  used on input line 242.
(pdftex.def)             Requested size: 241.84842pt x 107.33716pt.


[3 <./balanced_dataset.png> <./Three_types_of_sound.png> <./Ambiguous_sounds.png> <./dog_barking.png>]
<fold0.png, id=32, 990.8217pt x 413.3844pt>
File: fold0.png Graphic file (type png)
<use fold0.png>
Package pdftex.def Info: fold0.png  used on input line 290.
(pdftex.def)             Requested size: 241.84842pt x 100.89844pt.

Underfull \vbox (badness 10000) has occurred while \output is active []



<fold1.png, id=33, 990.8217pt x 413.3844pt>
File: fold1.png Graphic file (type png)
<use fold1.png>
Package pdftex.def Info: fold1.png  used on input line 297.
(pdftex.def)             Requested size: 241.84842pt x 100.89844pt.
<fold2.png, id=34, 990.8217pt x 413.3844pt>
File: fold2.png Graphic file (type png)
<use fold2.png>
Package pdftex.def Info: fold2.png  used on input line 304.
(pdftex.def)             Requested size: 241.84842pt x 100.89844pt.
<fold3.png, id=35, 990.8217pt x 413.3844pt>
File: fold3.png Graphic file (type png)
<use fold3.png>
Package pdftex.def Info: fold3.png  used on input line 311.
(pdftex.def)             Requested size: 241.84842pt x 100.89844pt.
<fold4.png, id=36, 990.8217pt x 413.3844pt>
File: fold4.png Graphic file (type png)
<use fold4.png>
Package pdftex.def Info: fold4.png  used on input line 318.
(pdftex.def)             Requested size: 241.84842pt x 100.89844pt.
<Confusion_matrix_val.png, id=37, 987.2082pt x 1076.1003pt>
File: Confusion_matrix_val.png Graphic file (type png)
<use Confusion_matrix_val.png>
Package pdftex.def Info: Confusion_matrix_val.png  used on input line 353.
(pdftex.def)             Requested size: 241.84842pt x 263.62225pt.
<Confusion_matrix_test.png, id=38, 995.8806pt x 1076.1003pt>
File: Confusion_matrix_test.png Graphic file (type png)
<use Confusion_matrix_test.png>
Package pdftex.def Info: Confusion_matrix_test.png  used on input line 360.
(pdftex.def)             Requested size: 241.84842pt x 261.32346pt.


[4 <./Harmonic_Percussive_Wind.png> <./fold0.png> <./fold1.png> <./fold2.png>]

<6_2D_CNN_layer_model_confusion_matrix_val.png, id=46, 987.2082pt x 1076.1003pt>
File: 6_2D_CNN_layer_model_confusion_matrix_val.png Graphic file (type png)
<use 6_2D_CNN_layer_model_confusion_matrix_val.png>
Package pdftex.def Info: 6_2D_CNN_layer_model_confusion_matrix_val.png  used on input line 539.
(pdftex.def)             Requested size: 241.84842pt x 263.62225pt.
<6_2D_CNN_layer_model_confusion_matrix_test.png, id=47, 995.8806pt x 1076.1003pt>
File: 6_2D_CNN_layer_model_confusion_matrix_test.png Graphic file (type png)
<use 6_2D_CNN_layer_model_confusion_matrix_test.png>
Package pdftex.def Info: 6_2D_CNN_layer_model_confusion_matrix_test.png  used on input line 546.
(pdftex.def)             Requested size: 241.84842pt x 261.32346pt.


[5 <./fold3.png> <./fold4.png> <./Confusion_matrix_val.png>] (./Sound_Event_Classifcation.bbl



[6 <./Confusion_matrix_test.png> <./6_2D_CNN_layer_model_confusion_matrix_val.png>]
Underfull \hbox (badness 10000) in paragraph at lines 55--56
\OT1/ptm/m/n/9 https : / / github . com / ksanjeevan / crnn-[]audio-[]classi^^Lcation$,
 []


Underfull \hbox (badness 1430) in paragraph at lines 58--59
[]\OT1/ptm/m/n/9 E. F. []Ornek, ``Au-dio clas-si-fi-ca-tion us-ing cnn on esc-50
 []


Underfull \hbox (badness 6032) in paragraph at lines 58--59
\OT1/ptm/m/n/9 dataset,'' $https : / / github . com / sweat0198 / audio[]classi^^Lcation[]
 []


Underfull \hbox (badness 1237) in paragraph at lines 75--77
\OT1/ptm/m/n/9 able: $https : / / scikit-[]learn . org / stable / modules / generated /
 []



)

[7 <./6_2D_CNN_layer_model_confusion_matrix_test.png>]



[8]



[9] (./Sound_Event_Classifcation.aux)
 ***********
LaTeX2e <2024-11-01> patch level 2
L3 programming layer <2025-01-18>
 ***********
 ) 
Here is how much of TeX's memory you used:
 3227 strings out of 473190
 53806 string characters out of 5715800
 500854 words of memory out of 5000000
 26416 multiletter control sequences out of 15000+600000
 579480 words of font info for 77 fonts, out of 8000000 for 9000
 1141 hyphenation exceptions out of 8191
 59i,11n,67p,552b,478s stack positions out of 10000i,1000n,20000p,200000b,200000s
</usr/local/texlive/2025/texmf-dist/fonts/type1/public/amsfonts/cm/cmsy9.pfb></usr/local/texlive/2025/texmf-dist/fonts/type1/urw/courier/ucrr8a.pfb></usr/local/texlive/2025/texmf-dist/fonts/type1/urw/times/utmb8a.pfb></usr/local/texlive/2025/texmf-dist/fonts/type1/urw/times/utmbi8a.pfb></usr/local/texlive/2025/texmf-dist/fonts/type1/urw/times/utmr8a.pfb></usr/local/texlive/2025/texmf-dist/fonts/type1/urw/times/utmri8a.pfb>
Output written on Sound_Event_Classifcation.pdf (9 pages, 2668247 bytes).
PDF statistics:
 98 PDF objects out of 1000 (max. 8388607)
 42 compressed objects within 1 object stream
 0 named destinations out of 1000 (max. 500000)
 81 words of extra memory for PDF output out of 10000 (max. 10000000)

